#
# There is insufficient memory for the Java Runtime Environment to continue.
# Native memory allocation (malloc) failed to allocate 1048576 bytes for AllocateHeap
# Possible reasons:
#   The system is out of physical RAM or swap space
#   The process is running with CompressedOops enabled, and the Java Heap may be blocking the growth of the native heap
# Possible solutions:
#   Reduce memory load on the system
#   Increase physical memory or swap space
#   Check if swap backing store is full
#   Decrease Java heap size (-Xmx/-Xms)
#   Decrease number of Java threads
#   Decrease Java thread stack sizes (-Xss)
#   Set larger code cache with -XX:ReservedCodeCacheSize=
#   JVM is running with Unscaled Compressed Oops mode in which the Java heap is
#     placed in the first 4GB address space. The Java Heap base address is the
#     maximum limit for the native heap growth. Please use -XX:HeapBaseMinAddress
#     to set the Java Heap base and to place the Java Heap above 4GB virtual address.
# This output file may be truncated or incomplete.
#
#  Out of Memory Error (allocation.cpp:44), pid=117368, tid=120344
#
# JRE version:  (17.0.10+1) (build )
# Java VM: OpenJDK 64-Bit Server VM (17.0.10+1-b1087.23, mixed mode, sharing, tiered, compressed oops, compressed class ptrs, g1 gc, windows-amd64)
# No core dump will be written. Minidumps are not enabled by default on client versions of Windows
#

---------------  S U M M A R Y ------------

Command Line: -Djava.rmi.server.hostname=127.0.0.1 -Duser.timezone=UTC -Xmx2048m -Xms128m -Djdbc.classpath=C:\Program Files\JetBrains\IntelliJ IDEA 2023.3.4\plugins\DatabaseTools\lib\jdbc-console.jar;C:\Users\phamt\AppData\Roaming\JetBrains\IntelliJIdea2023.3\jdbc-drivers\H2\2.2.220\com\h2database\h2\2.2.220\h2-2.2.220.jar --add-exports=java.desktop/sun.awt=ALL-UNNAMED --add-exports=java.desktop/java.awt.peer=ALL-UNNAMED --add-opens=java.desktop/java.awt=ALL-UNNAMED --add-opens=jdk.unsupported/sun.misc=ALL-UNNAMED --add-opens=java.base/java.nio=ALL-UNNAMED --add-opens=java.base/java.util=ALL-UNNAMED -Dfile.encoding=UTF-8 com.intellij.database.remote.RemoteJdbcServer org.h2.Driver

Host: AMD Ryzen 7 4800HS with Radeon Graphics         , 16 cores, 15G,  Windows 11 , 64 bit Build 22621 (10.0.22621.3958)
Time: Tue Jul 30 20:07:20 2024 SE Asia Standard Time elapsed time: 0.012337 seconds (0d 0h 0m 0s)

---------------  T H R E A D  ---------------

Current thread (0x0000013f45f8d940):  JavaThread "Unknown thread" [_thread_in_vm, id=120344, stack(0x0000001d1b500000,0x0000001d1b600000)]

Stack: [0x0000001d1b500000,0x0000001d1b600000]
Native frames: (J=compiled Java code, j=interpreted, Vv=VM code, C=native code)
V  [jvm.dll+0x688a29]
V  [jvm.dll+0x84216a]
V  [jvm.dll+0x843dae]
V  [jvm.dll+0x844413]
V  [jvm.dll+0x24ba8f]
V  [jvm.dll+0xa6ca3]
V  [jvm.dll+0x2eb867]
V  [jvm.dll+0x2e34fb]
V  [jvm.dll+0x812cd1]
V  [jvm.dll+0x3718e1]
V  [jvm.dll+0x7f1836]
V  [jvm.dll+0x3f553f]
V  [jvm.dll+0x3f7171]
C  [jli.dll+0x528f]
C  [ucrtbase.dll+0x29333]
C  [KERNEL32.DLL+0x1257d]
C  [ntdll.dll+0x5af28]


---------------  P R O C E S S  ---------------

Threads class SMR info:
_java_thread_list=0x00007ffee867ef58, length=0, elements={
}

Java Threads: ( => current thread )

Other Threads:
  0x0000013f45fea870 GCTaskThread "GC Thread#0" [stack: 0x0000001d1b600000,0x0000001d1b700000] [id=79092]

[error occurred during error reporting (printing all threads), id 0xc0000005, EXCEPTION_ACCESS_VIOLATION (0xc0000005) at pc=0x00007ffee7e307b0]

VM state: not at safepoint (not fully initialized)

VM Mutex/Monitor currently owned by a thread:  ([mutex/lock_event])
[0x0000013f45f887b0] Heap_lock - owner thread: 0x0000013f45f8d940

Heap address: 0x0000000080000000, size: 2048 MB, Compressed Oops mode: 32-bit

CDS archive(s) mapped at: [0x0000000000000000-0x0000000000000000-0x0000000000000000), size 0, SharedBaseAddress: 0x0000000800000000, ArchiveRelocationMode: 1.
Narrow klass base: 0x0000000000000000, Narrow klass shift: 0, Narrow klass range: 0x0

GC Precious Log:
<Empty>

Heap:
 garbage-first heap   total 0K, used 0K [0x0000000080000000, 0x0000000100000000)
  region size 1024K, 0 young (0K), 0 survivors (0K)
 Metaspace       used 0K, committed 0K, reserved 0K
  class space    used 0K, committed 0K, reserved 0K

Heap Regions: E=young(eden), S=young(survivor), O=old, HS=humongous(starts), HC=humongous(continues), CS=collection set, F=free, OA=open archive, CA=closed archive, TAMS=top-at-mark-start (previous, next)

Card table byte_map: [0x0000013f59380000,0x0000013f59780000] _byte_map_base: 0x0000013f58f80000

GC Heap History (0 events):
No events

Dll operation events (1 events):
Event: 0.008 Loaded shared library C:\Program Files\JetBrains\IntelliJ IDEA 2023.3.4\jbr\bin\java.dll

Deoptimization events (0 events):
No events

Classes unloaded (0 events):
No events

Classes redefined (0 events):
No events

Internal exceptions (0 events):
No events

VM Operations (0 events):
No events

Events (0 events):
No events


Dynamic libraries:
0x00007ff680af0000 - 0x00007ff680afa000 	C:\Program Files\JetBrains\IntelliJ IDEA 2023.3.4\jbr\bin\java.exe
0x00007fff3d8d0000 - 0x00007fff3dae7000 	C:\WINDOWS\SYSTEM32\ntdll.dll
0x00007fff3cc90000 - 0x00007fff3cd54000 	C:\WINDOWS\System32\KERNEL32.DLL
0x00007fff3acb0000 - 0x00007fff3b05d000 	C:\WINDOWS\System32\KERNELBASE.dll
0x00007fff3b1d0000 - 0x00007fff3b2e1000 	C:\WINDOWS\System32\ucrtbase.dll
0x00007fff25be0000 - 0x00007fff25bf7000 	C:\Program Files\JetBrains\IntelliJ IDEA 2023.3.4\jbr\bin\jli.dll
0x00007fff2b540000 - 0x00007fff2b55b000 	C:\Program Files\JetBrains\IntelliJ IDEA 2023.3.4\jbr\bin\VCRUNTIME140.dll
0x00007fff3c270000 - 0x00007fff3c41e000 	C:\WINDOWS\System32\USER32.dll
0x00007fff274a0000 - 0x00007fff27733000 	C:\WINDOWS\WinSxS\amd64_microsoft.windows.common-controls_6595b64144ccf1df_6.0.22621.3672_none_2713b9d173822955\COMCTL32.dll
0x00007fff3b530000 - 0x00007fff3b556000 	C:\WINDOWS\System32\win32u.dll
0x00007fff3d1a0000 - 0x00007fff3d247000 	C:\WINDOWS\System32\msvcrt.dll
0x00007fff3ceb0000 - 0x00007fff3ced9000 	C:\WINDOWS\System32\GDI32.dll
0x00007fff3b3a0000 - 0x00007fff3b4b9000 	C:\WINDOWS\System32\gdi32full.dll
0x00007fff3b560000 - 0x00007fff3b5fa000 	C:\WINDOWS\System32\msvcp_win.dll
0x00007fff3b720000 - 0x00007fff3b751000 	C:\WINDOWS\System32\IMM32.DLL
0x00007fff37dd0000 - 0x00007fff37ddc000 	C:\Program Files\JetBrains\IntelliJ IDEA 2023.3.4\jbr\bin\vcruntime140_1.dll
0x00007ffefda10000 - 0x00007ffefda9d000 	C:\Program Files\JetBrains\IntelliJ IDEA 2023.3.4\jbr\bin\msvcp140.dll
0x00007ffee7b40000 - 0x00007ffee87c3000 	C:\Program Files\JetBrains\IntelliJ IDEA 2023.3.4\jbr\bin\server\jvm.dll
0x00007fff3b600000 - 0x00007fff3b6b2000 	C:\WINDOWS\System32\ADVAPI32.dll
0x00007fff3d340000 - 0x00007fff3d3e9000 	C:\WINDOWS\System32\sechost.dll
0x00007fff3b2f0000 - 0x00007fff3b318000 	C:\WINDOWS\System32\bcrypt.dll
0x00007fff3b780000 - 0x00007fff3b894000 	C:\WINDOWS\System32\RPCRT4.dll
0x00007fff326a0000 - 0x00007fff326aa000 	C:\WINDOWS\SYSTEM32\VERSION.dll
0x00007fff365a0000 - 0x00007fff365a9000 	C:\WINDOWS\SYSTEM32\WSOCK32.dll
0x00007fff33d90000 - 0x00007fff33dc4000 	C:\WINDOWS\SYSTEM32\WINMM.dll
0x00007fff39a40000 - 0x00007fff39a8d000 	C:\WINDOWS\SYSTEM32\POWRPROF.dll
0x00007fff3cd70000 - 0x00007fff3cde1000 	C:\WINDOWS\System32\WS2_32.dll
0x00007fff39a20000 - 0x00007fff39a33000 	C:\WINDOWS\SYSTEM32\UMPDC.dll
0x00007fff39cd0000 - 0x00007fff39ce8000 	C:\WINDOWS\SYSTEM32\kernel.appcore.dll
0x00007fff2b5c0000 - 0x00007fff2b5ca000 	C:\Program Files\JetBrains\IntelliJ IDEA 2023.3.4\jbr\bin\jimage.dll
0x00007fff2ea30000 - 0x00007fff2ec62000 	C:\WINDOWS\SYSTEM32\DBGHELP.DLL
0x00007fff3d3f0000 - 0x00007fff3d77d000 	C:\WINDOWS\System32\combase.dll
0x00007fff3d250000 - 0x00007fff3d327000 	C:\WINDOWS\System32\OLEAUT32.dll
0x00007fff1a010000 - 0x00007fff1a042000 	C:\WINDOWS\SYSTEM32\dbgcore.DLL
0x00007fff3b320000 - 0x00007fff3b39b000 	C:\WINDOWS\System32\bcryptPrimitives.dll
0x00007fff29270000 - 0x00007fff29295000 	C:\Program Files\JetBrains\IntelliJ IDEA 2023.3.4\jbr\bin\java.dll

dbghelp: loaded successfully - version: 4.0.5 - missing functions: none
symbol engine: initialized successfully - sym options: 0x614 - pdb path: .;C:\Program Files\JetBrains\IntelliJ IDEA 2023.3.4\jbr\bin;C:\WINDOWS\SYSTEM32;C:\WINDOWS\WinSxS\amd64_microsoft.windows.common-controls_6595b64144ccf1df_6.0.22621.3672_none_2713b9d173822955;C:\Program Files\JetBrains\IntelliJ IDEA 2023.3.4\jbr\bin\server

VM Arguments:
jvm_args: -Djava.rmi.server.hostname=127.0.0.1 -Duser.timezone=UTC -Xmx2048m -Xms128m -Djdbc.classpath=C:\Program Files\JetBrains\IntelliJ IDEA 2023.3.4\plugins\DatabaseTools\lib\jdbc-console.jar;C:\Users\phamt\AppData\Roaming\JetBrains\IntelliJIdea2023.3\jdbc-drivers\H2\2.2.220\com\h2database\h2\2.2.220\h2-2.2.220.jar --add-exports=java.desktop/sun.awt=ALL-UNNAMED --add-exports=java.desktop/java.awt.peer=ALL-UNNAMED --add-opens=java.desktop/java.awt=ALL-UNNAMED --add-opens=jdk.unsupported/sun.misc=ALL-UNNAMED --add-opens=java.base/java.nio=ALL-UNNAMED --add-opens=java.base/java.util=ALL-UNNAMED -Dfile.encoding=UTF-8 
java_command: com.intellij.database.remote.RemoteJdbcServer org.h2.Driver
java_class_path (initial): C:\Program Files\JetBrains\IntelliJ IDEA 2023.3.4\lib\util_rt.jar;C:\Program Files\JetBrains\IntelliJ IDEA 2023.3.4\lib\util-8.jar;C:\Program Files\JetBrains\IntelliJ IDEA 2023.3.4\lib\groovy.jar;C:\Program Files\JetBrains\IntelliJ IDEA 2023.3.4\plugins\DatabaseTools\lib\jdbc-console.jar;C:\Program Files\JetBrains\IntelliJ IDEA 2023.3.4\plugins\grid-core-impl\lib\jdbc-console-types.jar;C:\Program Files\JetBrains\IntelliJ IDEA 2023.3.4\lib\util.jar
Launcher Type: SUN_STANDARD

[Global flags]
     intx CICompilerCount                          = 12                                        {product} {ergonomic}
     uint ConcGCThreads                            = 3                                         {product} {ergonomic}
     uint G1ConcRefinementThreads                  = 13                                        {product} {ergonomic}
   size_t G1HeapRegionSize                         = 1048576                                   {product} {ergonomic}
    uintx GCDrainStackTargetSize                   = 64                                        {product} {ergonomic}
   size_t InitialHeapSize                          = 134217728                                 {product} {command line}
   size_t MarkStackSize                            = 4194304                                   {product} {ergonomic}
   size_t MaxHeapSize                              = 2147483648                                {product} {command line}
   size_t MinHeapDeltaBytes                        = 1048576                                   {product} {ergonomic}
   size_t MinHeapSize                              = 134217728                                 {product} {command line}
    uintx NonNMethodCodeHeapSize                   = 7602480                                {pd product} {ergonomic}
    uintx NonProfiledCodeHeapSize                  = 122027880                              {pd product} {ergonomic}
    uintx ProfiledCodeHeapSize                     = 122027880                              {pd product} {ergonomic}
    uintx ReservedCodeCacheSize                    = 251658240                              {pd product} {ergonomic}
     bool SegmentedCodeCache                       = true                                      {product} {ergonomic}
   size_t SoftMaxHeapSize                          = 2147483648                             {manageable} {ergonomic}
     bool UseCompressedClassPointers               = true                           {product lp64_product} {ergonomic}
     bool UseCompressedOops                        = true                           {product lp64_product} {ergonomic}
     bool UseG1GC                                  = true                                      {product} {ergonomic}
     bool UseLargePagesIndividualAllocation        = false                                  {pd product} {ergonomic}

Logging:
Log output configuration:
 #0: stdout all=warning uptime,level,tags
 #1: stderr all=off uptime,level,tags

Environment Variables:
PATH=C:\Program Files (x86)\Common Files\Oracle\Java\java8path;C:\Program Files (x86)\Common Files\Oracle\Java\javapath;C:\Windows\system32;C:\Windows;C:\Windows\System32\Wbem;C:\Windows\System32\WindowsPowerShell\v1.0\;C:\Windows\System32\OpenSSH\;C:\Program Files (x86)\NVIDIA Corporation\PhysX\Common;C:\Program Files\NVIDIA Corporation\NVIDIA NvDLISR;C:\WINDOWS\system32;C:\WINDOWS;C:\WINDOWS\System32\Wbem;C:\WINDOWS\System32\WindowsPowerShell\v1.0\;C:\WINDOWS\System32\OpenSSH\;C:\Program Files\dotnet\;C:\Program Files\Microsoft SQL Server\130\Tools\Binn\;C:\Program Files\nodejs\;C:\Program Files\Git\cmd;C:\Program Files\Docker\Docker\resources\bin;C:\Program Files\Cloudflare\Cloudflare WARP\;C:\Users\phamt\AppData\Local\Microsoft\WindowsApps;C:\Program Files\JetBrains\IntelliJ IDEA 2023.3.4\bin;;C:\Users\phamt\AppData\Local\Programs\Microsoft VS Code\bin;C:\Users\phamt\AppData\Roaming\npm;C:\Program Files\apache-maven-3.9.8\bin;C:\Program Files\Java\jdk-22\bin;
USERNAME=phamt
OS=Windows_NT
PROCESSOR_IDENTIFIER=AMD64 Family 23 Model 96 Stepping 1, AuthenticAMD
TMP=C:\Users\phamt\AppData\Local\Temp
TEMP=C:\Users\phamt\AppData\Local\Temp



Periodic native trim disabled

JNI global refs:
JNI global refs: 0, weak refs: 0

JNI global refs memory usage: 0, weak refs: 0

OOME stack traces (most recent first):
Classloader memory used:


---------------  S Y S T E M  ---------------

OS:
 Windows 11 , 64 bit Build 22621 (10.0.22621.3958)
OS uptime: 2 days 5:01 hours
Hyper-V role detected

CPU: total 16 (initial active 16) (16 cores per cpu, 2 threads per core) family 23 model 96 stepping 1 microcode 0x0, cx8, cmov, fxsr, ht, mmx, 3dnowpref, sse, sse2, sse3, ssse3, sse4a, sse4.1, sse4.2, popcnt, lzcnt, tsc, tscinvbit, avx, avx2, aes, clmul, bmi1, bmi2, adx, sha, fma, vzeroupper, clflush, clflushopt, hv
Processor Information for all 16 processors :
  Max Mhz: 2900, Current Mhz: 2900, Mhz Limit: 2900

Memory: 4k page, system-wide physical 15789M (489M free)
TotalPageFile size 55571M (AvailPageFile size 5M)
current process WorkingSet (physical memory assigned to process): 11M, peak: 11M
current process commit charge ("private bytes"): 64M, peak: 65M

vm_info: OpenJDK 64-Bit Server VM (17.0.10+1-b1087.23) for windows-amd64 JRE (17.0.10+1-b1087.23), built on 2024-03-18 by "builduser" with MS VC++ 16.10 / 16.11 (VS2019)

END.
